{
  message: 'DB Connected',
  level: 'info',
  label: 'Success!',
  timestamp: '2023-06-29T21:01:09.861Z'
}
{
  message: 'Example app listening on port 5000',
  level: 'info',
  label: 'Success!',
  timestamp: '2023-06-29T21:01:09.867Z'
}
{
  message: 'DB Connected',
  level: 'info',
  label: 'Success!',
  timestamp: '2023-06-29T21:02:25.799Z'
}
{
  message: 'Example app listening on port 5000',
  level: 'info',
  label: 'Success!',
  timestamp: '2023-06-29T21:02:25.804Z'
}
{
  message: 'DB Connected',
  level: 'info',
  label: 'Success!',
  timestamp: '2023-06-29T21:07:28.927Z'
}
{
  message: 'Example app listening on port 5000',
  level: 'info',
  label: 'Success!',
  timestamp: '2023-06-29T21:07:28.933Z'
}
{
  message: 'DB Connected',
  level: 'info',
  label: 'Success!',
  timestamp: '2023-06-29T21:15:09.231Z'
}
{
  message: 'Example app listening on port 5000',
  level: 'info',
  label: 'Success!',
  timestamp: '2023-06-29T21:15:09.240Z'
}
{
  message: 'DB Connected',
  level: 'info',
  label: 'Success!',
  timestamp: '2023-06-29T21:20:57.292Z'
}
{
  message: 'Example app listening on port 5000',
  level: 'info',
  label: 'Success!',
  timestamp: '2023-06-29T21:20:57.298Z'
}
{
  message: 'DB Connected',
  level: 'info',
  label: 'Success!',
  timestamp: '2023-06-29T21:21:57.848Z'
}
{
  message: 'Example app listening on port 5000',
  level: 'info',
  label: 'Success!',
  timestamp: '2023-06-29T21:21:57.852Z'
}
{
  message: 'DB Connected',
  level: 'info',
  label: 'Success!',
  timestamp: '2023-06-29T21:24:25.923Z'
}
{
  message: 'Example app listening on port 5000',
  level: 'info',
  label: 'Success!',
  timestamp: '2023-06-29T21:24:25.927Z'
}
{
  message: 'DB Connected',
  level: 'info',
  label: 'Success!',
  timestamp: '2023-06-29T21:26:21.631Z'
}
{
  message: 'Example app listening on port 5000',
  level: 'info',
  label: 'Success!',
  timestamp: '2023-06-29T21:26:21.637Z'
}
{
  message: 'DB Connected',
  level: 'info',
  label: 'Success!',
  timestamp: '2023-06-29T21:26:34.104Z'
}
{
  message: 'Example app listening on port 5000',
  level: 'info',
  label: 'Success!',
  timestamp: '2023-06-29T21:26:34.111Z'
}
{
  message: 'DB Connected',
  level: 'info',
  label: 'Success!',
  timestamp: '2023-06-29T21:28:07.688Z'
}
{
  message: 'Example app listening on port 5000',
  level: 'info',
  label: 'Success!',
  timestamp: '2023-06-29T21:28:07.693Z'
}
{
  message: 'DB Connected',
  level: 'info',
  label: 'Success!',
  timestamp: '2023-06-29T21:30:31.934Z'
}
{
  message: 'Example app listening on port 5000',
  level: 'info',
  label: 'Success!',
  timestamp: '2023-06-29T21:30:31.939Z'
}
{
  message: 'DB Connected',
  level: 'info',
  label: 'Success!',
  timestamp: '2023-06-29T21:40:49.733Z'
}
{
  message: 'Example app listening on port 5000',
  level: 'info',
  label: 'Success!',
  timestamp: '2023-06-29T21:40:49.738Z'
}
{
  message: 'DB Connected',
  level: 'info',
  label: 'Success!',
  timestamp: '2023-06-29T21:40:55.751Z'
}
{
  message: 'Example app listening on port 5000',
  level: 'info',
  label: 'Success!',
  timestamp: '2023-06-29T21:40:55.755Z'
}
{
  message: 'DB Connected',
  level: 'info',
  label: 'Success!',
  timestamp: '2023-06-29T21:42:25.489Z'
}
{
  message: 'Example app listening on port 5000',
  level: 'info',
  label: 'Success!',
  timestamp: '2023-06-29T21:42:25.494Z'
}
{
  message: 'DB Connected',
  level: 'info',
  label: 'Success!',
  timestamp: '2023-06-29T21:43:35.828Z'
}
{
  message: 'Example app listening on port 5000',
  level: 'info',
  label: 'Success!',
  timestamp: '2023-06-29T21:43:35.832Z'
}
{
  message: 'DB Connected',
  level: 'info',
  label: 'Success!',
  timestamp: '2023-06-29T21:44:58.303Z'
}
{
  message: 'Example app listening on port 5000',
  level: 'info',
  label: 'Success!',
  timestamp: '2023-06-29T21:44:58.307Z'
}
{
  message: 'DB Connected',
  level: 'info',
  label: 'Success!',
  timestamp: '2023-06-29T21:45:53.357Z'
}
{
  message: 'Example app listening on port 5000',
  level: 'info',
  label: 'Success!',
  timestamp: '2023-06-29T21:45:53.362Z'
}
{
  message: 'DB Connected',
  level: 'info',
  label: 'Success!',
  timestamp: '2023-06-29T21:53:58.796Z'
}
{
  message: 'Example app listening on port 5000',
  level: 'info',
  label: 'Success!',
  timestamp: '2023-06-29T21:53:58.800Z'
}
{
  message: 'DB Connected',
  level: 'info',
  label: 'Success!',
  timestamp: '2023-06-29T21:55:05.374Z'
}
{
  message: 'Example app listening on port 5000',
  level: 'info',
  label: 'Success!',
  timestamp: '2023-06-29T21:55:05.379Z'
}
{
  message: 'DB Connected',
  level: 'info',
  label: 'Success!',
  timestamp: '2023-06-29T21:55:17.012Z'
}
{
  message: 'Example app listening on port 5000',
  level: 'info',
  label: 'Success!',
  timestamp: '2023-06-29T21:55:17.017Z'
}
{
  message: 'DB Connected',
  level: 'info',
  label: 'Success!',
  timestamp: '2023-06-29T21:56:46.476Z'
}
{
  message: 'Example app listening on port 5000',
  level: 'info',
  label: 'Success!',
  timestamp: '2023-06-29T21:56:46.493Z'
}
{
  message: 'DB Connected',
  level: 'info',
  label: 'Success!',
  timestamp: '2023-06-29T21:57:20.367Z'
}
{
  message: 'Example app listening on port 5000',
  level: 'info',
  label: 'Success!',
  timestamp: '2023-06-29T21:57:20.371Z'
}
{
  message: 'DB Connected',
  level: 'info',
  label: 'Success!',
  timestamp: '2023-06-29T21:58:29.507Z'
}
{
  message: 'Example app listening on port 5000',
  level: 'info',
  label: 'Success!',
  timestamp: '2023-06-29T21:58:29.511Z'
}
{
  message: 'DB Connected',
  level: 'info',
  label: 'Success!',
  timestamp: '2023-06-29T21:58:40.152Z'
}
{
  message: 'Example app listening on port 5000',
  level: 'info',
  label: 'Success!',
  timestamp: '2023-06-29T21:58:40.156Z'
}
{
  message: 'DB Connected',
  level: 'info',
  label: 'Success!',
  timestamp: '2023-06-29T21:58:55.100Z'
}
{
  message: 'Example app listening on port 5000',
  level: 'info',
  label: 'Success!',
  timestamp: '2023-06-29T21:58:55.106Z'
}
{
  message: 'DB Connected',
  level: 'info',
  label: 'Success!',
  timestamp: '2023-06-29T22:02:52.826Z'
}
{
  message: 'Example app listening on port 5000',
  level: 'info',
  label: 'Success!',
  timestamp: '2023-06-29T22:02:52.831Z'
}
{
  message: 'DB Connected',
  level: 'info',
  label: 'Success!',
  timestamp: '2023-06-29T22:03:00.576Z'
}
{
  message: 'Example app listening on port 5000',
  level: 'info',
  label: 'Success!',
  timestamp: '2023-06-29T22:03:00.580Z'
}
{
  message: 'DB Connected',
  level: 'info',
  label: 'Success!',
  timestamp: '2023-06-29T22:03:25.421Z'
}
{
  message: 'Example app listening on port 5000',
  level: 'info',
  label: 'Success!',
  timestamp: '2023-06-29T22:03:25.426Z'
}
{
  message: 'DB Connected',
  level: 'info',
  label: 'Success!',
  timestamp: '2023-06-29T22:06:00.382Z'
}
{
  message: 'Example app listening on port 5000',
  level: 'info',
  label: 'Success!',
  timestamp: '2023-06-29T22:06:00.387Z'
}
{
  message: 'DB Connected',
  level: 'info',
  label: 'Success!',
  timestamp: '2023-06-29T22:12:44.410Z'
}
{
  message: 'Example app listening on port 5000',
  level: 'info',
  label: 'Success!',
  timestamp: '2023-06-29T22:12:44.414Z'
}
{
  message: 'DB Connected',
  level: 'info',
  label: 'Success!',
  timestamp: '2023-06-29T22:13:06.310Z'
}
{
  message: 'Example app listening on port 5000',
  level: 'info',
  label: 'Success!',
  timestamp: '2023-06-29T22:13:06.315Z'
}
{
  message: 'DB Connected',
  level: 'info',
  label: 'Success!',
  timestamp: '2023-06-29T22:13:18.655Z'
}
{
  message: 'Example app listening on port 5000',
  level: 'info',
  label: 'Success!',
  timestamp: '2023-06-29T22:13:18.660Z'
}
{
  message: 'DB Connected',
  level: 'info',
  label: 'Success!',
  timestamp: '2023-06-29T22:16:51.387Z'
}
{
  message: 'Example app listening on port 5000',
  level: 'info',
  label: 'Success!',
  timestamp: '2023-06-29T22:16:51.391Z'
}
{
  message: 'DB Connected',
  level: 'info',
  label: 'Success!',
  timestamp: '2023-06-29T22:17:19.375Z'
}
{
  message: 'Example app listening on port 5000',
  level: 'info',
  label: 'Success!',
  timestamp: '2023-06-29T22:17:19.380Z'
}
{
  message: 'DB Connected',
  level: 'info',
  label: 'Success!',
  timestamp: '2023-06-29T22:18:11.246Z'
}
{
  message: 'Example app listening on port 5000',
  level: 'info',
  label: 'Success!',
  timestamp: '2023-06-29T22:18:11.252Z'
}
{
  message: 'DB Connected',
  level: 'info',
  label: 'Success!',
  timestamp: '2023-06-29T22:20:23.297Z'
}
{
  message: 'Example app listening on port 5000',
  level: 'info',
  label: 'Success!',
  timestamp: '2023-06-29T22:20:23.302Z'
}
{
  message: 'DB Connected',
  level: 'info',
  label: 'Success!',
  timestamp: '2023-06-29T22:21:02.089Z'
}
{
  message: 'Example app listening on port 5000',
  level: 'info',
  label: 'Success!',
  timestamp: '2023-06-29T22:21:02.094Z'
}
{
  message: 'DB Connected',
  level: 'info',
  label: 'Success!',
  timestamp: '2023-06-29T22:21:11.176Z'
}
{
  message: 'Example app listening on port 5000',
  level: 'info',
  label: 'Success!',
  timestamp: '2023-06-29T22:21:11.181Z'
}
{
  message: 'DB Connected',
  level: 'info',
  label: 'Success!',
  timestamp: '2023-06-29T22:21:25.916Z'
}
{
  message: 'Example app listening on port 5000',
  level: 'info',
  label: 'Success!',
  timestamp: '2023-06-29T22:21:25.922Z'
}
{
  message: 'DB Connected',
  level: 'info',
  label: 'Success!',
  timestamp: '2023-06-29T22:22:01.232Z'
}
{
  message: 'Example app listening on port 5000',
  level: 'info',
  label: 'Success!',
  timestamp: '2023-06-29T22:22:01.237Z'
}
{
  message: 'DB Connected',
  level: 'info',
  label: 'Success!',
  timestamp: '2023-06-29T22:22:48.875Z'
}
{
  message: 'Example app listening on port 5000',
  level: 'info',
  label: 'Success!',
  timestamp: '2023-06-29T22:22:48.879Z'
}
{
  message: 'DB Connected',
  level: 'info',
  label: 'Success!',
  timestamp: '2023-06-29T22:24:43.828Z'
}
{
  message: 'Example app listening on port 5000',
  level: 'info',
  label: 'Success!',
  timestamp: '2023-06-29T22:24:43.833Z'
}
{
  message: 'DB Connected',
  level: 'info',
  label: 'Success!',
  timestamp: '2023-06-29T22:26:46.707Z'
}
{
  message: 'Example app listening on port 5000',
  level: 'info',
  label: 'Success!',
  timestamp: '2023-06-29T22:26:46.712Z'
}
