{"level":"info","message":"DB Connected"}
{"level":"info","message":"Example app listening on port 5000"}
{"level":"info","message":"DB Connected"}
{"level":"info","message":"Example app listening on port 5000"}
{"level":"info","message":"DB Connected"}
{"level":"info","message":"Example app listening on port 5000"}
2023-06-25T20:25:54.974Z [right meow!] info: DB Connected
2023-06-25T20:25:54.976Z [right meow!] info: Example app listening on port 5000
2023-06-25T20:33:23.011Z [Success!] info: DB Connected
2023-06-25T20:33:23.014Z [Success!] info: Example app listening on port 5000
TIME: Mon Jun 26 2023 2 40 32: [Success!] info: DB Connected
TIME: Mon Jun 26 2023 2 40 32: [Success!] info: Example app listening on port 5000
{
  message: 'DB Connected',
  level: 'info',
  label: 'Success!',
  timestamp: '2023-06-25T20:41:15.509Z'
}
{
  message: 'Example app listening on port 5000',
  level: 'info',
  label: 'Success!',
  timestamp: '2023-06-25T20:41:15.514Z'
}
{
  message: 'DB Connected',
  level: 'info',
  label: 'Success!',
  timestamp: '2023-06-25T20:42:43.975Z'
}
{
  message: 'Example app listening on port 5000',
  level: 'info',
  label: 'Success!',
  timestamp: '2023-06-25T20:42:43.981Z'
}
{
  message: 'DB Connected',
  level: 'info',
  label: 'Success!',
  timestamp: '2023-06-25T20:42:54.161Z'
}
{
  message: 'Example app listening on port 5000',
  level: 'info',
  label: 'Success!',
  timestamp: '2023-06-25T20:42:54.166Z'
}
